<?xml version="1.0" encoding="UTF-8"?>
<!-- Generated by org.testng.reporters.JUnitXMLReporter -->
<testsuite hostname="Sameer" name="myTest" tests="3" failures="0" timestamp="27 Nov 2016 08:34:30 GMT" time="17.317" errors="0">
  <testcase name="@BeforeMethod verifyExecutionState" time="0.0" classname="com.core.mySuite.Two">
    <skipped/>
  </testcase> <!-- @BeforeMethod verifyExecutionState -->
  <testcase name="fbTest" time="17.165" classname="com.core.mySuite.One"/>
  <testcase name="three" time="0.006" classname="com.core.mySuite.Two"/>
  <testcase name="two" time="0.003" classname="com.core.mySuite.Two">
    <skipped/>
  </testcase> <!-- two -->
</testsuite> <!-- myTest -->
