<?xml version="1.0" encoding="UTF-8"?>
<testng-results skipped="1" failed="0" total="3" passed="2">
  <reporter-output>
  </reporter-output>
  <suite name="mySuite" duration-ms="17317" started-at="2016-11-27T08:34:13Z" finished-at="2016-11-27T08:34:30Z">
    <groups>
    </groups>
    <test name="myTest" duration-ms="17317" started-at="2016-11-27T08:34:13Z" finished-at="2016-11-27T08:34:30Z">
      <class name="com.core.mySuite.One">
        <test-method status="PASS" signature="Initializations()[pri:0, instance:com.core.mySuite.One@65e7deb6]" name="Initializations" is-config="true" duration-ms="367" started-at="2016-11-27T14:04:13Z" finished-at="2016-11-27T14:04:13Z">
          <reporter-output>
          </reporter-output>
        </test-method> <!-- Initializations -->
        <test-method status="PASS" signature="verifyExecutionState()[pri:0, instance:com.core.mySuite.One@65e7deb6]" name="verifyExecutionState" is-config="true" duration-ms="95" started-at="2016-11-27T14:04:13Z" finished-at="2016-11-27T14:04:13Z">
          <reporter-output>
          </reporter-output>
        </test-method> <!-- verifyExecutionState -->
        <test-method status="PASS" signature="fbTest()[pri:0, instance:com.core.mySuite.One@65e7deb6]" name="fbTest" duration-ms="17165" started-at="2016-11-27T14:04:13Z" finished-at="2016-11-27T14:04:30Z">
          <reporter-output>
          </reporter-output>
        </test-method> <!-- fbTest -->
      </class> <!-- com.core.mySuite.One -->
      <class name="com.core.mySuite.Two">
        <test-method status="PASS" signature="verifyExecutionState(java.lang.reflect.Method)[pri:0, instance:com.core.mySuite.Two@59ceb2fe]" name="verifyExecutionState" is-config="true" duration-ms="2" started-at="2016-11-27T14:04:30Z" finished-at="2016-11-27T14:04:30Z">
          <params>
            <param index="0">
              <value>
                <![CDATA[public void com.core.mySuite.Two.three()]]>
              </value>
            </param>
          </params>
          <reporter-output>
          </reporter-output>
        </test-method> <!-- verifyExecutionState -->
        <test-method status="PASS" signature="three()[pri:0, instance:com.core.mySuite.Two@59ceb2fe]" name="three" duration-ms="6" started-at="2016-11-27T14:04:30Z" finished-at="2016-11-27T14:04:30Z">
          <reporter-output>
          </reporter-output>
        </test-method> <!-- three -->
        <test-method status="SKIP" signature="verifyExecutionState(java.lang.reflect.Method)[pri:0, instance:com.core.mySuite.Two@59ceb2fe]" name="verifyExecutionState" is-config="true" duration-ms="0" started-at="2016-11-27T14:04:30Z" finished-at="2016-11-27T14:04:30Z">
          <params>
            <param index="0">
              <value>
                <![CDATA[public void com.core.mySuite.Two.two()]]>
              </value>
            </param>
          </params>
          <exception class="org.testng.SkipException">
            <message>
              <![CDATA[Test case execution skipped as the runmode is set to no]]>
            </message>
            <full-stacktrace>
              <![CDATA[org.testng.SkipException: Test case execution skipped as the runmode is set to no
	at com.core.mySuite.Two.verifyExecutionState(Two.java:20)
	at sun.reflect.NativeMethodAccessorImpl.invoke0(Native Method)
	at sun.reflect.NativeMethodAccessorImpl.invoke(NativeMethodAccessorImpl.java:57)
	at sun.reflect.DelegatingMethodAccessorImpl.invoke(DelegatingMethodAccessorImpl.java:43)
	at java.lang.reflect.Method.invoke(Method.java:606)
	at org.testng.internal.MethodInvocationHelper.invokeMethod(MethodInvocationHelper.java:85)
	at org.testng.internal.Invoker.invokeConfigurationMethod(Invoker.java:510)
	at org.testng.internal.Invoker.invokeConfigurations(Invoker.java:211)
	at org.testng.internal.Invoker.invokeMethod(Invoker.java:585)
	at org.testng.internal.Invoker.invokeTestMethod(Invoker.java:816)
	at org.testng.internal.Invoker.invokeTestMethods(Invoker.java:1124)
	at org.testng.internal.TestMethodWorker.invokeTestMethods(TestMethodWorker.java:125)
	at org.testng.internal.TestMethodWorker.run(TestMethodWorker.java:108)
	at org.testng.TestRunner.privateRun(TestRunner.java:774)
	at org.testng.TestRunner.run(TestRunner.java:624)
	at org.testng.SuiteRunner.runTest(SuiteRunner.java:359)
	at org.testng.SuiteRunner.runSequentially(SuiteRunner.java:354)
	at org.testng.SuiteRunner.privateRun(SuiteRunner.java:312)
	at org.testng.SuiteRunner.run(SuiteRunner.java:261)
	at org.testng.SuiteRunnerWorker.runSuite(SuiteRunnerWorker.java:52)
	at org.testng.SuiteRunnerWorker.run(SuiteRunnerWorker.java:86)
	at org.testng.TestNG.runSuitesSequentially(TestNG.java:1215)
	at org.testng.TestNG.runSuitesLocally(TestNG.java:1140)
	at org.testng.TestNG.run(TestNG.java:1048)
	at org.testng.remote.AbstractRemoteTestNG.run(AbstractRemoteTestNG.java:132)
	at org.testng.remote.RemoteTestNG.initAndRun(RemoteTestNG.java:236)
	at org.testng.remote.RemoteTestNG.main(RemoteTestNG.java:81)
]]>
            </full-stacktrace>
          </exception> <!-- org.testng.SkipException -->
          <reporter-output>
          </reporter-output>
        </test-method> <!-- verifyExecutionState -->
        <test-method status="SKIP" signature="two()[pri:0, instance:com.core.mySuite.Two@59ceb2fe]" name="two" duration-ms="3" started-at="2016-11-27T14:04:30Z" finished-at="2016-11-27T14:04:30Z">
          <reporter-output>
          </reporter-output>
        </test-method> <!-- two -->
      </class> <!-- com.core.mySuite.Two -->
    </test> <!-- myTest -->
  </suite> <!-- mySuite -->
</testng-results>
